<?xml version="1.0" encoding="UTF-8"?>
<!-- Generated by org.testng.reporters.JUnitReportReporter -->
<testsuite hostname="LAPTOP-J1HLQ16S" failures="0" tests="2" name="com.mystore.testcases.LoginTest" time="24.298" errors="0" timestamp="2023-11-18T17:04:56 IST" skipped="0">
  <testcase classname="com.mystore.testcases.LoginTest" name="loginTestWithInValidCreds" time="10.729"/>
  <system-out/>
  <testcase classname="com.mystore.testcases.LoginTest" name="loginTestWithValidCreds" time="13.569"/>
  <system-out/>
</testsuite> <!-- com.mystore.testcases.LoginTest -->
