<?xml version="1.0" encoding="UTF-8"?>
<!-- Generated by org.testng.reporters.JUnitReportReporter -->
<testsuite hostname="Rinaldo" failures="0" tests="2" name="com.mystore.testcases.LoginTest" time="17.865" errors="0" timestamp="2023-11-20T16:16:22 IST" skipped="0">
  <testcase classname="com.mystore.testcases.LoginTest" name="loginTestWithValidCreds" time="8.981"/>
  <system-out/>
  <testcase classname="com.mystore.testcases.LoginTest" name="loginTestWithInValidCreds" time="8.884"/>
  <system-out/>
</testsuite> <!-- com.mystore.testcases.LoginTest -->
