<?xml version="1.0" encoding="UTF-8"?>
<!-- Generated by org.testng.reporters.JUnitReportReporter -->
<testsuite hostname="Rinaldo" failures="0" tests="1" name="com.mystore.testcases.RegisterTest" time="10.083" errors="0" timestamp="2023-11-20T17:09:32 IST" skipped="0">
  <testcase classname="com.mystore.testcases.RegisterTest" name="RegisterWithExistingUser" time="10.083"/>
  <system-out/>
</testsuite> <!-- com.mystore.testcases.RegisterTest -->
