<?xml version="1.0" encoding="UTF-8"?>
<!-- Generated by org.testng.reporters.JUnitReportReporter -->
<testsuite hostname="LAPTOP-J1HLQ16S" failures="0" tests="1" name="com.mystore.testcases.LoginTest" time="24.840" errors="0" timestamp="2023-11-29T17:37:34 IST" skipped="0">
  <testcase classname="com.mystore.testcases.LoginTest" name="loginTestWithValidCreds" time="24.840"/>
  <system-out/>
</testsuite> <!-- com.mystore.testcases.LoginTest -->
